configure: loading site script /usr/share/config.site
checking build system type... x86_64-unknown-linux-gnu
checking host system type... x86_64-unknown-linux-gnu
checking for gcc... gcc
checking for suffix of object files... o
checking whether we are using the GNU C compiler... yes
checking whether gcc accepts -g... yes
checking for g++... g++
checking whether we are using the GNU C++ compiler... yes
checking whether g++ accepts -g... yes
checking for readelf... readelf
checking for sysdeps preconfigure fragments... x86_64 checking whether gcc compiles in -mx32 mode by default... no

configure: running configure fragment for add-on libidn
configure: running configure fragment for add-on nptl
checking add-on ports for preconfigure fragments... aarch64 alpha am33 arm hppa ia64 m68k microblaze mips tile 
checking for assembler and linker STT_GNU_IFUNC support... yes
checking whether .text pseudo-op must be used... yes
checking sysdep dirs... sysdeps/unix/sysv/linux/x86_64/64/nptl sysdeps/unix/sysv/linux/x86_64/64 nptl/sysdeps/unix/sysv/linux/x86_64 nptl/sysdeps/unix/sysv/linux/x86 sysdeps/unix/sysv/linux/x86 sysdeps/unix/sysv/linux/x86_64 sysdeps/unix/sysv/linux/wordsize-64 nptl/sysdeps/unix/sysv/linux nptl/sysdeps/pthread sysdeps/pthread ports/sysdeps/unix/sysv/linux sysdeps/unix/sysv/linux sysdeps/gnu sysdeps/unix/inet nptl/sysdeps/unix/sysv ports/sysdeps/unix/sysv sysdeps/unix/sysv sysdeps/unix/x86_64 nptl/sysdeps/unix ports/sysdeps/unix sysdeps/unix sysdeps/posix nptl/sysdeps/x86_64/64 sysdeps/x86_64/64 sysdeps/x86_64/fpu/multiarch sysdeps/x86_64/fpu sysdeps/x86/fpu sysdeps/x86_64/multiarch nptl/sysdeps/x86_64 sysdeps/x86_64 sysdeps/x86 sysdeps/ieee754/ldbl-96 sysdeps/ieee754/dbl-64/wordsize-64 sysdeps/ieee754/dbl-64 sysdeps/ieee754/flt-32 sysdeps/wordsize-64 sysdeps/ieee754 sysdeps/generic
configure: WARNING: add-on ports contributed no useful sysdeps directories
checking for a BSD-compatible install... /usr/bin/install -c
checking whether ln -s works... yes
checking whether as is GNU as... yes
checking whether ld is GNU ld... yes
checking for as... as
checking version of as... 2.35, ok
checking for ld... ld
checking version of ld... 2.35, ok
checking for gcc... gcc
checking version of gcc... 10.2.1, bad
checking for gnumake... no
checking for gmake... gmake
checking version of gmake... 4.2.1, bad
checking for gnumsgfmt... no
checking for gmsgfmt... no
checking for msgfmt... msgfmt
checking version of msgfmt... 0.19.8.1, ok
checking for makeinfo... no
checking for sed... sed
checking version of sed... 4.5, ok
checking for gawk... gawk
checking version of gawk... 4.2.1, ok
checking for nm... nm
checking for autoconf... autoconf
checking whether autoconf works... no
configure: error: 
*** These critical programs are missing or too old: gcc make
*** Check the INSTALL file for required versions.
